2015-01-14 15:31:08,620 | WARN  | stackref=14ae757aa42
java.lang.Error: java.net.SocketException: Permission denied
	at java.util.concurrent.ThreadPoolExecutor.runWorker(ThreadPoolExecutor.java:1152)
	at java.util.concurrent.ThreadPoolExecutor$Worker.run(ThreadPoolExecutor.java:615)
	at java.lang.Thread.run(Thread.java:701)
Caused by: java.net.SocketException: Permission denied
	at sun.nio.ch.Net.bind0(Native Method)
	at sun.nio.ch.Net.bind(Net.java:174)
	at sun.nio.ch.ServerSocketChannelImpl.bind(ServerSocketChannelImpl.java:139)
	at sun.nio.ch.ServerSocketAdaptor.bind(ServerSocketAdaptor.java:77)
	at org.eclipse.jetty.server.nio.SelectChannelConnector.open(SelectChannelConnector.java:182)
	at org.eclipse.jetty.server.AbstractConnector.doStart(AbstractConnector.java:311)
	at org.eclipse.jetty.server.nio.SelectChannelConnector.doStart(SelectChannelConnector.java:260)
	at org.eclipse.jetty.util.component.AbstractLifeCycle.start(AbstractLifeCycle.java:59)
	at org.eclipse.jetty.server.Server.doStart(Server.java:283)
	at org.eclipse.jetty.util.component.AbstractLifeCycle.start(AbstractLifeCycle.java:59)
	at org.apache.activemq.apollo.broker.jetty.JettyWebServer$$anonfun$_start$1.apply$mcV$sp(JettyWebServer.scala:270)
	at org.fusesource.hawtdispatch.package$$anon$4.run(hawtdispatch.scala:357)
	at java.util.concurrent.ThreadPoolExecutor.runWorker(ThreadPoolExecutor.java:1146)
	... 2 more
